<?xml version="1.0" encoding="UTF-8"?>
<!-- Generated by org.testng.reporters.JUnitReportReporter -->
<testsuite hostname="DESKTOP-SOTA0LM" failures="0" tests="3" name="com.test.SampleTest" time="0.006" errors="0" timestamp="2022-09-14T14:25:13 EDT" skipped="0">
  <testcase classname="com.test.SampleTest" name="testCase_1" time="0.006"/>
  <system-out/>
  <testcase classname="com.test.SampleTest" name="testCase_2" time="0.000"/>
  <system-out/>
  <testcase classname="com.test.SampleTest" name="testCase_3" time="0.000"/>
  <system-out/>
</testsuite> <!-- com.test.SampleTest -->
